<?xml version="1.0" encoding="UTF-8"?>
<testng-results ignored="0" total="1" passed="1" failed="0" skipped="0">
  <reporter-output>
  </reporter-output>
  <suite started-at="2022-03-21T10:28:18 IST" name="com.restAssured.GetRequestTest" finished-at="2022-03-21T10:28:30 IST" duration-ms="12725">
    <groups>
    </groups>
    <test started-at="2022-03-21T10:28:18 IST" name="Command line test" finished-at="2022-03-21T10:28:30 IST" duration-ms="12725">
      <class name="com.restAssured.GetRequestTest">
        <test-method signature="getRequest()[pri:0, instance:com.restAssured.GetRequestTest@1068e947]" started-at="2022-03-21T10:28:18 IST" name="getRequest" finished-at="2022-03-21T10:28:30 IST" duration-ms="12709" status="PASS">
          <reporter-output>
          </reporter-output>
        </test-method> <!-- getRequest -->
      </class> <!-- com.restAssured.GetRequestTest -->
    </test> <!-- Command line test -->
  </suite> <!-- com.restAssured.GetRequestTest -->
</testng-results>
